<testsuite name="Mocha Tests" tests="10" failures="0" errors="8" skipped="2" timestamp="Wed, 04 Sep 2019 22:08:52 GMT" time="73.791">
    <testcase classname="ApexClass" name="should be supported by source tracking API" time="1.097"><failure>Failure on Converting Metadata
    
    AssertionError [ERR_ASSERTION]: Failure on Converting Metadata
    
        at Object.runSourceSyncTest (lib/util/dx-util.js:25:12)
        at Context.it (lib/MetadataTypesTest.spec.js:33:23)</failure></testcase>
    <testcase classname="ApexClass" name="should be supported by metadata API" time="1.085"><failure>Failure on Converting Metadata
    
    AssertionError [ERR_ASSERTION]: Failure on Converting Metadata
    
        at Object.runMetadataAPITest (lib/util/dx-util.js:61:12)
        at Context.it (lib/MetadataTypesTest.spec.js:37:23)</failure></testcase>
    <testcase classname="ApexPage" name="should be supported by source tracking API" time="1.084"><failure>Failure on Converting Metadata
    
    AssertionError [ERR_ASSERTION]: Failure on Converting Metadata
    
        at Object.runSourceSyncTest (lib/util/dx-util.js:25:12)
        at Context.it (lib/MetadataTypesTest.spec.js:33:23)</failure></testcase>
    <testcase classname="ApexPage" name="should be supported by metadata API" time="1.078"><failure>Failure on Converting Metadata
    
    AssertionError [ERR_ASSERTION]: Failure on Converting Metadata
    
        at Object.runMetadataAPITest (lib/util/dx-util.js:61:12)
        at Context.it (lib/MetadataTypesTest.spec.js:37:23)</failure></testcase>
    <testcase classname="ApexTestSuite" name="should be supported by source tracking API" time="1.098"><failure>Failure on Converting Metadata
    
    AssertionError [ERR_ASSERTION]: Failure on Converting Metadata
    
        at Object.runSourceSyncTest (lib/util/dx-util.js:25:12)
        at Context.it (lib/MetadataTypesTest.spec.js:33:23)</failure></testcase>
    <testcase classname="ApexTestSuite" name="should be supported by metadata API" time="1.08"><failure>Failure on Converting Metadata
    
    AssertionError [ERR_ASSERTION]: Failure on Converting Metadata
    
        at Object.runMetadataAPITest (lib/util/dx-util.js:61:12)
        at Context.it (lib/MetadataTypesTest.spec.js:37:23)</failure></testcase>
    <testcase classname="ApexTrigger" name="should be supported by source tracking API" time="1.088"><failure>Failure on Converting Metadata
    
    AssertionError [ERR_ASSERTION]: Failure on Converting Metadata
    
        at Object.runSourceSyncTest (lib/util/dx-util.js:25:12)
        at Context.it (lib/MetadataTypesTest.spec.js:33:23)</failure></testcase>
    <testcase classname="ApexTrigger" name="should be supported by metadata API" time="1.093"><failure>Failure on Converting Metadata
    
    AssertionError [ERR_ASSERTION]: Failure on Converting Metadata
    
        at Object.runMetadataAPITest (lib/util/dx-util.js:61:12)
        at Context.it (lib/MetadataTypesTest.spec.js:37:23)</failure></testcase>
    <testcase classname="WorkflowTask" name="should be supported by source tracking API" time="0"><skipped/></testcase>
    <testcase classname="WorkflowTask" name="should be supported by metadata API" time="0"><skipped/></testcase>
    </testsuite>